<?xml version="1.0" encoding="utf-8" ?>
<!DOCTYPE html PUBLIC "-//W3C//DTD XHTML 1.0 Strict//EN"
        "http://www.w3.org/TR/xhtml1/DTD/xhtml1-strict.dtd">
<html xmlns="http://www.w3.org/1999/xhtml" xml:lang="" lang="">
<head>
  <title>Test Results Report - Run on FIREFOX</title>
  <meta http-equiv="Content-Type" content="text/html;charset=utf-8" />
  <meta name="description" content="TestNG unit test results." />
  <link href="reportng.css" rel="stylesheet" type="text/css" />
    <script type="text/javascript" src="reportng.js"></script>
</head>
<body>
<h1>Run on FIREFOX</h1>
<p>
  Test duration: 27.818s
</p>



  <table class="resultsTable">
    <tr><th colspan="3" class="header failed">Failed Tests</th></tr>
          <tr>
        <td colspan="3" class="group">com.orangehrm.Level_13_Logging</td>
      </tr>
            
<tr>
  <td class="method">
                  Employee_01_CreateNewEmployee
      </td>
  <td class="duration">
    18.700s
  </td>
  <td class="result">
        
    
            <div class="testOutput">
                        NewEmployee - STEP 01: Enter to Username and Password with info: automationfc | A@a123456!<br />
                                NewEmployee - STEP 02: Navigate to Dashboard page<br />
                                --------------- PASSED ---------------<br />
                                NewEmployee - STEP 03: Navigate to Employee List page<br />
                                --------------- PASSED ---------------<br />
                                NewEmployee - STEP 04: Navigate to Add Employee page<br />
                                --------------- PASSED ---------------<br />
                                NewEmployee - STEP 05: Enter to First/Middle and Lastname with info: Hello | Test | World!<br />
                                NewEmployee - STEP 06: Navigate to Personal Detail page<br />
                                --------------- PASSED ---------------<br />
                                NewEmployee - STEP 07: Verify FirstName displayed: Hello<br />
                                --------------- FAILED ---------------<br />
                                NewEmployee - STEP 08: Verify MiddleName displayed: Test<br />
                                --------------- FAILED ---------------<br />
                                NewEmployee - STEP 09: Verify LastName displayed: World!<br />
                                --------------- PASSED ---------------<br />
                                NewEmployee - STEP 10: Verify EmployeeID displayed: 0056<br />
                                --------------- PASSED ---------------<br />
                  </div>
    

        <a href="javascript:toggleElement('exception-0', 'block')" title="Click to expand/collapse"><b>java.lang.Throwable: Multiple failures (2):<br/>
Failure 1 of 2<br/>
java.lang.AssertionError: expected [Test] but found [Hello]<br/>
	at org.testng.Assert.fail(Assert.java:111)<br/>
	at org.testng.Assert.failNotEquals(Assert.java:1590)<br/>
	at org.testng.Assert.assertEqualsImpl(Assert.java:150)<br/>
	at org.testng.Assert.assertEquals(Assert.java:132)<br/>
	at org.testng.Assert.assertEquals(Assert.java:644)<br/>
	at core.BaseTest.verifyEquals(BaseTest.java:105)<br/>
	at com.orangehrm.Level_13_Logging.Employee_01_CreateNewEmployee(Level_13_Logging.java:65)<br/>
	at java.base/jdk.internal.reflect.DirectMethodHandleAccessor.invoke(DirectMethodHandleAccessor.java:103)<br/>
	at java.base/java.lang.reflect.Method.invoke(Method.java:580)<br/>
	at org.testng.internal.invokers.MethodInvocationHelper.invokeMethod(MethodInvocationHelper.java:141)<br/>
	at org.testng.internal.invokers.TestInvoker.invokeMethod(TestInvoker.java:687)<br/>
	at org.testng.internal.invokers.TestInvoker.invokeTestMethod(TestInvoker.java:230)<br/>
	at org.testng.internal.invokers.MethodRunner.runInSequence(MethodRunner.java:63)<br/>
	at org.testng.internal.invokers.TestInvoker$MethodInvocationAgent.invoke(TestInvoker.java:995)<br/>
	at org.testng.internal.invokers.TestInvoker.invokeTestMethods(TestInvoker.java:203)<br/>
	at org.testng.internal.invokers.TestMethodWorker.invokeTestMethods(TestMethodWorker.java:154)<br/>
	at org.testng.internal.invokers.TestMethodWorker.run(TestMethodWorker.java:134)<br/>
	at java.base/java.util.ArrayList.forEach(ArrayList.java:1596)<br/>
	at org.testng.TestRunner.privateRun(TestRunner.java:741)<br/>
	at org.testng.TestRunner.run(TestRunner.java:616)<br/>
	at org.testng.SuiteRunner.runTest(SuiteRunner.java:421)<br/>
	at org.testng.SuiteRunner.runSequentially(SuiteRunner.java:413)<br/>
	at org.testng.SuiteRunner.privateRun(SuiteRunner.java:373)<br/>
	at org.testng.SuiteRunner.run(SuiteRunner.java:312)<br/>
	at org.testng.SuiteRunnerWorker.runSuite(SuiteRunnerWorker.java:52)<br/>
	at org.testng.SuiteRunnerWorker.run(SuiteRunnerWorker.java:95)<br/>
	at org.testng.TestNG.runSuitesSequentially(TestNG.java:1274)<br/>
	at org.testng.TestNG.runSuitesLocally(TestNG.java:1208)<br/>
	at org.testng.TestNG.runSuites(TestNG.java:1112)<br/>
	at org.testng.TestNG.run(TestNG.java:1079)<br/>
	at com.intellij.rt.testng.IDEARemoteTestNG.run(IDEARemoteTestNG.java:65)<br/>
	at com.intellij.rt.testng.RemoteTestNGStarter.main(RemoteTestNGStarter.java:105)<br/>
<br/>
Failure 2 of 2<br/>
java.lang.AssertionError: expected [Hello] but found [Test]</b></a><br />
    <div class="stackTrace" id="exception-0">
              org.testng.Assert.fail(Assert.java:111)<br />
              org.testng.Assert.failNotEquals(Assert.java:1590)<br />
              org.testng.Assert.assertEqualsImpl(Assert.java:150)<br />
              org.testng.Assert.assertEquals(Assert.java:132)<br />
              org.testng.Assert.assertEquals(Assert.java:644)<br />
              core.BaseTest.verifyEquals(BaseTest.java:105)<br />
              com.orangehrm.Level_13_Logging.Employee_01_CreateNewEmployee(Level_13_Logging.java:68)<br />
              java.base/jdk.internal.reflect.DirectMethodHandleAccessor.invoke(DirectMethodHandleAccessor.java:103)<br />
              java.base/java.lang.reflect.Method.invoke(Method.java:580)<br />
              org.testng.internal.invokers.MethodInvocationHelper.invokeMethod(MethodInvocationHelper.java:141)<br />
              org.testng.internal.invokers.TestInvoker.invokeMethod(TestInvoker.java:687)<br />
              org.testng.internal.invokers.TestInvoker.invokeTestMethod(TestInvoker.java:230)<br />
              org.testng.internal.invokers.MethodRunner.runInSequence(MethodRunner.java:63)<br />
              org.testng.internal.invokers.TestInvoker$MethodInvocationAgent.invoke(TestInvoker.java:995)<br />
              org.testng.internal.invokers.TestInvoker.invokeTestMethods(TestInvoker.java:203)<br />
              org.testng.internal.invokers.TestMethodWorker.invokeTestMethods(TestMethodWorker.java:154)<br />
              org.testng.internal.invokers.TestMethodWorker.run(TestMethodWorker.java:134)<br />
              java.base/java.util.ArrayList.forEach(ArrayList.java:1596)<br />
              org.testng.TestRunner.privateRun(TestRunner.java:741)<br />
              org.testng.TestRunner.run(TestRunner.java:616)<br />
              org.testng.SuiteRunner.runTest(SuiteRunner.java:421)<br />
              org.testng.SuiteRunner.runSequentially(SuiteRunner.java:413)<br />
              org.testng.SuiteRunner.privateRun(SuiteRunner.java:373)<br />
              org.testng.SuiteRunner.run(SuiteRunner.java:312)<br />
              org.testng.SuiteRunnerWorker.runSuite(SuiteRunnerWorker.java:52)<br />
              org.testng.SuiteRunnerWorker.run(SuiteRunnerWorker.java:95)<br />
              org.testng.TestNG.runSuitesSequentially(TestNG.java:1274)<br />
              org.testng.TestNG.runSuitesLocally(TestNG.java:1208)<br />
              org.testng.TestNG.runSuites(TestNG.java:1112)<br />
              org.testng.TestNG.run(TestNG.java:1079)<br />
              com.intellij.rt.testng.IDEARemoteTestNG.run(IDEARemoteTestNG.java:65)<br />
              com.intellij.rt.testng.RemoteTestNGStarter.main(RemoteTestNGStarter.java:105)<br />
                </div>
      </td>
</tr>
      </table>


  
</body>
</html>
