<?xml version="1.0" encoding="UTF-8"?>
<testng-results ignored="0" total="4" passed="3" failed="1" skipped="0">
  <reporter-output>
  </reporter-output>
  <suite started-at="2025-10-27T14:19:23 ICT" name="OrangeHRM UI Automation Test" finished-at="2025-10-27T14:20:08 ICT" duration-ms="44728">
    <groups>
    </groups>
    <test started-at="2025-10-27T14:19:23 ICT" name="Run on FIREFOX" finished-at="2025-10-27T14:20:08 ICT" duration-ms="44728">
      <class name="com.orangehrm.Level_17_JIRA">
        <test-method is-config="true" signature="deleteFileInReport()[pri:0, instance:com.orangehrm.Level_17_JIRA@5bcde458]" started-at="2025-10-27T14:19:23 ICT" name="deleteFileInReport" finished-at="2025-10-27T14:19:23 ICT" duration-ms="90" status="PASS">
          <reporter-output>
          </reporter-output>
        </test-method> <!-- deleteFileInReport -->
        <test-method is-config="true" signature="beforeClass(java.lang.String,java.lang.String)[pri:0, instance:com.orangehrm.Level_17_JIRA@5bcde458]" started-at="2025-10-27T14:19:23 ICT" name="beforeClass" finished-at="2025-10-27T14:19:37 ICT" duration-ms="13372" status="PASS">
          <params>
            <param index="0">
              <value>
                <![CDATA[http://localhost/orangehrm]]>
              </value>
            </param>
            <param index="1">
              <value>
                <![CDATA[firefox]]>
              </value>
            </param>
          </params>
          <reporter-output>
          </reporter-output>
        </test-method> <!-- beforeClass -->
        <test-method signature="Employee_01_CreateNewEmployee()[pri:0, instance:com.orangehrm.Level_17_JIRA@5bcde458]" started-at="2025-10-27T14:19:37 ICT" name="Employee_01_CreateNewEmployee" finished-at="2025-10-27T14:19:53 ICT" duration-ms="15814" status="PASS">
          <reporter-output>
          </reporter-output>
        </test-method> <!-- Employee_01_CreateNewEmployee -->
        <test-method signature="Employee_02_ViewEmployee()[pri:0, instance:com.orangehrm.Level_17_JIRA@5bcde458]" started-at="2025-10-27T14:19:53 ICT" name="Employee_02_ViewEmployee" finished-at="2025-10-27T14:19:54 ICT" duration-ms="1541" status="PASS">
          <reporter-output>
          </reporter-output>
        </test-method> <!-- Employee_02_ViewEmployee -->
        <test-method signature="Employee_03_EditEmployee()[pri:0, instance:com.orangehrm.Level_17_JIRA@5bcde458]" started-at="2025-10-27T14:19:54 ICT" name="Employee_03_EditEmployee" finished-at="2025-10-27T14:20:04 ICT" duration-ms="9462" status="PASS">
          <reporter-output>
          </reporter-output>
        </test-method> <!-- Employee_03_EditEmployee -->
        <test-method signature="Employee_04_RemoveEmployee()[pri:0, instance:com.orangehrm.Level_17_JIRA@5bcde458]" started-at="2025-10-27T14:20:04 ICT" name="Employee_04_RemoveEmployee" finished-at="2025-10-27T14:20:04 ICT" duration-ms="32" status="FAIL">
          <exception class="java.lang.AssertionError">
            <message>
              <![CDATA[expected [Test] but found [Hello]]]>
            </message>
            <full-stacktrace>
              <![CDATA[java.lang.AssertionError: expected [Test] but found [Hello]
at org.testng.Assert.fail(Assert.java:111)
at org.testng.Assert.failNotEquals(Assert.java:1590)
at org.testng.Assert.assertEqualsImpl(Assert.java:150)
at org.testng.Assert.assertEquals(Assert.java:132)
at org.testng.Assert.assertEquals(Assert.java:656)
at org.testng.Assert.assertEquals(Assert.java:666)
at com.orangehrm.Level_17_JIRA.Employee_04_RemoveEmployee(Level_17_JIRA.java:88)
at java.base/jdk.internal.reflect.NativeMethodAccessorImpl.invoke0(Native Method)
at java.base/jdk.internal.reflect.NativeMethodAccessorImpl.invoke(NativeMethodAccessorImpl.java:77)
at java.base/jdk.internal.reflect.DelegatingMethodAccessorImpl.invoke(DelegatingMethodAccessorImpl.java:43)
at java.base/java.lang.reflect.Method.invoke(Method.java:568)
at org.testng.internal.invokers.MethodInvocationHelper.invokeMethod(MethodInvocationHelper.java:141)
at org.testng.internal.invokers.TestInvoker.invokeMethod(TestInvoker.java:687)
at org.testng.internal.invokers.TestInvoker.invokeTestMethod(TestInvoker.java:230)
at org.testng.internal.invokers.MethodRunner.runInSequence(MethodRunner.java:63)
at org.testng.internal.invokers.TestInvoker$MethodInvocationAgent.invoke(TestInvoker.java:995)
at org.testng.internal.invokers.TestInvoker.invokeTestMethods(TestInvoker.java:203)
at org.testng.internal.invokers.TestMethodWorker.invokeTestMethods(TestMethodWorker.java:154)
at org.testng.internal.invokers.TestMethodWorker.run(TestMethodWorker.java:134)
at java.base/java.util.ArrayList.forEach(ArrayList.java:1511)
at org.testng.TestRunner.privateRun(TestRunner.java:741)
at org.testng.TestRunner.run(TestRunner.java:616)
at org.testng.SuiteRunner.runTest(SuiteRunner.java:421)
at org.testng.SuiteRunner.runSequentially(SuiteRunner.java:413)
at org.testng.SuiteRunner.privateRun(SuiteRunner.java:373)
at org.testng.SuiteRunner.run(SuiteRunner.java:312)
at org.testng.SuiteRunnerWorker.runSuite(SuiteRunnerWorker.java:52)
at org.testng.SuiteRunnerWorker.run(SuiteRunnerWorker.java:95)
at org.testng.TestNG.runSuitesSequentially(TestNG.java:1274)
at org.testng.TestNG.runSuitesLocally(TestNG.java:1208)
at org.testng.TestNG.runSuites(TestNG.java:1112)
at org.testng.TestNG.run(TestNG.java:1079)
at com.intellij.rt.testng.IDEARemoteTestNG.run(IDEARemoteTestNG.java:65)
at com.intellij.rt.testng.RemoteTestNGStarter.main(RemoteTestNGStarter.java:105)
]]>
            </full-stacktrace>
          </exception> <!-- java.lang.AssertionError -->
          <reporter-output>
          </reporter-output>
        </test-method> <!-- Employee_04_RemoveEmployee -->
        <test-method is-config="true" signature="quit()[pri:0, instance:com.orangehrm.Level_17_JIRA@5bcde458]" started-at="2025-10-27T14:20:07 ICT" name="quit" finished-at="2025-10-27T14:20:08 ICT" duration-ms="610" status="PASS">
          <reporter-output>
          </reporter-output>
        </test-method> <!-- quit -->
      </class> <!-- com.orangehrm.Level_17_JIRA -->
    </test> <!-- Run on FIREFOX -->
  </suite> <!-- OrangeHRM UI Automation Test -->
</testng-results>
