<?xml version="1.0" encoding="UTF-8"?>
<!-- Generated by org.testng.reporters.JUnitXMLReporter -->
<testsuite ignored="0" hostname="Phuongs-MacBook-Pro.local" failures="0" tests="4" name="Run on EDGE" time="9.157" errors="0" timestamp="2025-10-17T14:57:34 ICT">
  <testcase classname="com.orangehrm.Level_14_Extent5" name="Employee_01_CreateNewEmployee" time="0.0">
    <skipped/>
  </testcase> <!-- Employee_01_CreateNewEmployee -->
  <testcase classname="com.orangehrm.Level_14_Extent5" name="Employee_02_ViewEmployee" time="0.0">
    <skipped/>
  </testcase> <!-- Employee_02_ViewEmployee -->
  <testcase classname="com.orangehrm.Level_14_Extent5" name="Employee_03_EditEmployee" time="0.0">
    <skipped/>
  </testcase> <!-- Employee_03_EditEmployee -->
  <testcase classname="com.orangehrm.Level_14_Extent5" name="Employee_04_RemoveEmployee" time="0.0">
    <skipped/>
  </testcase> <!-- Employee_04_RemoveEmployee -->
</testsuite> <!-- Run on EDGE -->
