<?xml version="1.0" encoding="UTF-8"?>
<!-- Generated by org.testng.reporters.JUnitXMLReporter -->
<testsuite ignored="0" hostname="Phuongs-MacBook-Pro.local" failures="1" tests="4" name="Run on FIREFOX" time="44.728" errors="0" timestamp="2025-10-27T14:20:08 ICT">
  <testcase classname="com.orangehrm.Level_17_JIRA" name="Employee_01_CreateNewEmployee" time="15.814"/>
  <testcase classname="com.orangehrm.Level_17_JIRA" name="Employee_02_ViewEmployee" time="1.541"/>
  <testcase classname="com.orangehrm.Level_17_JIRA" name="Employee_03_EditEmployee" time="9.462"/>
  <testcase classname="com.orangehrm.Level_17_JIRA" name="Employee_04_RemoveEmployee" time="0.032">
    <failure type="java.lang.AssertionError" message="expected [Test] but found [Hello]">
      <![CDATA[java.lang.AssertionError: expected [Test] but found [Hello]
at com.orangehrm.Level_17_JIRA.Employee_04_RemoveEmployee(Level_17_JIRA.java:88)
at java.base/java.util.ArrayList.forEach(ArrayList.java:1511)
at com.intellij.rt.testng.IDEARemoteTestNG.run(IDEARemoteTestNG.java:65)
at com.intellij.rt.testng.RemoteTestNGStarter.main(RemoteTestNGStarter.java:105)
... Removed 30 stack frames]]>
    </failure>
  </testcase> <!-- Employee_04_RemoveEmployee -->
</testsuite> <!-- Run on FIREFOX -->
