<?xml version="1.0" encoding="UTF-8"?>
<!-- Generated by org.testng.reporters.JUnitXMLReporter -->
<testsuite ignored="0" hostname="Phuongs-MacBook-Pro.local" failures="1" tests="4" name="Run on CHROME" time="21.057" errors="0" timestamp="2025-10-20T20:29:55 ICT">
  <testcase classname="com.orangehrm.Level_15_ChainTest" name="Employee_01_CreateNewEmployee" time="7.053"/>
  <testcase classname="com.orangehrm.Level_15_ChainTest" name="Employee_02_ViewEmployee" time="1.245"/>
  <testcase classname="com.orangehrm.Level_15_ChainTest" name="Employee_03_EditEmployee" time="7.533"/>
  <testcase classname="com.orangehrm.Level_15_ChainTest" name="Employee_04_RemoveEmployee" time="0.035">
    <failure type="java.lang.AssertionError" message="expected [Test] but found [Hello]">
      <![CDATA[java.lang.AssertionError: expected [Test] but found [Hello]
at com.orangehrm.Level_15_ChainTest.Employee_04_RemoveEmployee(Level_15_ChainTest.java:83)
at java.base/java.util.ArrayList.forEach(ArrayList.java:1596)
at com.intellij.rt.testng.IDEARemoteTestNG.run(IDEARemoteTestNG.java:65)
at com.intellij.rt.testng.RemoteTestNGStarter.main(RemoteTestNGStarter.java:105)
... Removed 28 stack frames]]>
    </failure>
  </testcase> <!-- Employee_04_RemoveEmployee -->
</testsuite> <!-- Run on CHROME -->
