<?xml version="1.0" encoding="UTF-8"?>
<!-- Generated by org.testng.reporters.JUnitXMLReporter -->
<testsuite ignored="0" hostname="Phuongs-MacBook-Pro.local" failures="1" tests="4" name="Run on SAFARI" time="25.306" errors="0" timestamp="2025-10-17T15:18:30 ICT">
  <testcase classname="com.orangehrm.Level_14_Extent5" name="Employee_01_CreateNewEmployee" time="2.592"/>
  <testcase classname="com.orangehrm.Level_14_Extent5" name="Employee_02_ViewEmployee" time="2.183"/>
  <testcase classname="com.orangehrm.Level_14_Extent5" name="Employee_03_EditEmployee" time="8.572"/>
  <testcase classname="com.orangehrm.Level_14_Extent5" name="Employee_04_RemoveEmployee" time="0.04">
    <failure type="java.lang.AssertionError" message="expected [Test] but found [Hello]">
      <![CDATA[java.lang.AssertionError: expected [Test] but found [Hello]
at com.orangehrm.Level_14_Extent5.Employee_04_RemoveEmployee(Level_14_Extent5.java:84)
at java.base/java.util.ArrayList.forEach(ArrayList.java:1596)
at com.intellij.rt.testng.IDEARemoteTestNG.run(IDEARemoteTestNG.java:65)
at com.intellij.rt.testng.RemoteTestNGStarter.main(RemoteTestNGStarter.java:105)
... Removed 28 stack frames]]>
    </failure>
  </testcase> <!-- Employee_04_RemoveEmployee -->
</testsuite> <!-- Run on SAFARI -->
